This file contains any messages produced by compilers while
running configure, to aid debugging if configure makes a mistake.

It was created by sff configure 2.0.1, which was
generated by GNU Autoconf 2.69.  Invocation command line was

  $ ./configure CC=c99 CFLAGS=-g LIBS=-lposix

## --------- ##
## Platform. ##
## --------- ##

hostname = hpc
uname -m = x86_64
uname -r = 3.19.0-39-generic
uname -s = Linux
uname -v = #44~14.04.1-Ubuntu SMP Wed Dec 2 10:00:35 UTC 2015

/usr/bin/uname -p = unknown
/bin/uname -X     = unknown

/bin/arch              = unknown
/usr/bin/arch -k       = unknown
/usr/convex/getsysinfo = unknown
/usr/bin/hostinfo      = unknown
/bin/machine           = unknown
/usr/bin/oslevel       = unknown
/bin/universe          = unknown

PATH: /usr/local/cuda-6.5/bin
PATH: /usr/local/sbin
PATH: /usr/local/bin
PATH: /usr/sbin
PATH: /usr/bin
PATH: /sbin
PATH: /bin
PATH: /usr/games
PATH: /usr/local/games


## ----------- ##
## Core tests. ##
## ----------- ##

configure:2547: checking for a BSD-compatible install
configure:2615: result: /usr/bin/install -c
configure:2626: checking whether build environment is sane
configure:2681: result: yes
configure:2832: checking for a thread-safe mkdir -p
configure:2871: result: /bin/mkdir -p
configure:2878: checking for gawk
configure:2908: result: no
configure:2878: checking for mawk
configure:2894: found /usr/bin/mawk
configure:2905: result: mawk
configure:2916: checking whether make sets $(MAKE)
configure:2938: result: yes
configure:2967: checking whether make supports nested variables
configure:2984: result: yes
configure:3079: checking whether make supports nested variables
configure:3096: result: yes
configure:3291: checking whether make sets $(MAKE)
configure:3313: result: yes
configure:3377: checking for gcc
configure:3404: result: c99
configure:3633: checking for C compiler version
configure:3642: c99 --version >&5
gcc (Ubuntu 4.8.4-2ubuntu1~14.04) 4.8.4
Copyright (C) 2013 Free Software Foundation, Inc.
This is free software; see the source for copying conditions.  There is NO
warranty; not even for MERCHANTABILITY or FITNESS FOR A PARTICULAR PURPOSE.

configure:3653: $? = 0
configure:3642: c99 -v >&5
Using built-in specs.
COLLECT_GCC=gcc
COLLECT_LTO_WRAPPER=/usr/lib/gcc/x86_64-linux-gnu/4.8/lto-wrapper
Target: x86_64-linux-gnu
Configured with: ../src/configure -v --with-pkgversion='Ubuntu 4.8.4-2ubuntu1~14.04' --with-bugurl=file:///usr/share/doc/gcc-4.8/README.Bugs --enable-languages=c,c++,java,go,d,fortran,objc,obj-c++ --prefix=/usr --program-suffix=-4.8 --enable-shared --enable-linker-build-id --libexecdir=/usr/lib --without-included-gettext --enable-threads=posix --with-gxx-include-dir=/usr/include/c++/4.8 --libdir=/usr/lib --enable-nls --with-sysroot=/ --enable-clocale=gnu --enable-libstdcxx-debug --enable-libstdcxx-time=yes --enable-gnu-unique-object --disable-libmudflap --enable-plugin --with-system-zlib --disable-browser-plugin --enable-java-awt=gtk --enable-gtk-cairo --with-java-home=/usr/lib/jvm/java-1.5.0-gcj-4.8-amd64/jre --enable-java-home --with-jvm-root-dir=/usr/lib/jvm/java-1.5.0-gcj-4.8-amd64 --with-jvm-jar-dir=/usr/lib/jvm-exports/java-1.5.0-gcj-4.8-amd64 --with-arch-directory=amd64 --with-ecj-jar=/usr/share/java/eclipse-ecj.jar --enable-objc-gc --enable-multiarch --disable-werror --with-arch-32=i686 --with-abi=m64 --with-multilib-list=m32,m64,mx32 --with-tune=generic --enable-checking=release --build=x86_64-linux-gnu --host=x86_64-linux-gnu --target=x86_64-linux-gnu
Thread model: posix
gcc version 4.8.4 (Ubuntu 4.8.4-2ubuntu1~14.04) 
configure:3653: $? = 0
configure:3642: c99 -V >&5
gcc: error: unrecognized command line option '-V'
gcc: fatal error: no input files
compilation terminated.
configure:3653: $? = 4
configure:3642: c99 -qversion >&5
gcc: error: unrecognized command line option '-qversion'
gcc: fatal error: no input files
compilation terminated.
configure:3653: $? = 4
configure:3673: checking whether the C compiler works
configure:3695: c99 -g   conftest.c -lposix >&5
/usr/bin/ld: cannot find -lposix
collect2: error: ld returned 1 exit status
configure:3699: $? = 1
configure:3737: result: no
configure: failed program was:
| /* confdefs.h */
| #define PACKAGE_NAME "sff"
| #define PACKAGE_TARNAME "sff"
| #define PACKAGE_VERSION "2.0.1"
| #define PACKAGE_STRING "sff 2.0.1"
| #define PACKAGE_BUGREPORT "Antonio Carzaniga (firstname.lastname@usi.ch)"
| #define PACKAGE_URL ""
| #define PACKAGE "sff"
| #define VERSION "2.0.1"
| #define NDEBUG 1
| /* end confdefs.h.  */
| 
| int
| main ()
| {
| 
|   ;
|   return 0;
| }
configure:3742: error: in `/home/alp/Desktop/Suyog/sff-2.0.1':
configure:3744: error: C compiler cannot create executables
See `config.log' for more details

## ---------------- ##
## Cache variables. ##
## ---------------- ##

ac_cv_env_CCC_set=
ac_cv_env_CCC_value=
ac_cv_env_CC_set=set
ac_cv_env_CC_value=c99
ac_cv_env_CFLAGS_set=set
ac_cv_env_CFLAGS_value=-g
ac_cv_env_CPPFLAGS_set=
ac_cv_env_CPPFLAGS_value=
ac_cv_env_CPP_set=
ac_cv_env_CPP_value=
ac_cv_env_CXXCPP_set=
ac_cv_env_CXXCPP_value=
ac_cv_env_CXXFLAGS_set=
ac_cv_env_CXXFLAGS_value=
ac_cv_env_CXX_set=
ac_cv_env_CXX_value=
ac_cv_env_LDFLAGS_set=
ac_cv_env_LDFLAGS_value=
ac_cv_env_LIBS_set=set
ac_cv_env_LIBS_value=-lposix
ac_cv_env_YACC_set=
ac_cv_env_YACC_value=
ac_cv_env_YFLAGS_set=
ac_cv_env_YFLAGS_value=
ac_cv_env_build_alias_set=
ac_cv_env_build_alias_value=
ac_cv_env_host_alias_set=
ac_cv_env_host_alias_value=
ac_cv_env_target_alias_set=
ac_cv_env_target_alias_value=
ac_cv_path_install='/usr/bin/install -c'
ac_cv_path_mkdir=/bin/mkdir
ac_cv_prog_AWK=mawk
ac_cv_prog_ac_ct_CC=c99
ac_cv_prog_make_make_set=yes
am_cv_make_support_nested_variables=yes

## ----------------- ##
## Output variables. ##
## ----------------- ##

ACLOCAL='${SHELL} /home/alp/Desktop/Suyog/sff-2.0.1/config/missing aclocal-1.13'
AMDEPBACKSLASH=''
AMDEP_FALSE=''
AMDEP_TRUE=''
AMTAR='$${TAR-tar}'
AM_BACKSLASH='\'
AM_DEFAULT_V='$(AM_DEFAULT_VERBOSITY)'
AM_DEFAULT_VERBOSITY='0'
AM_V='$(V)'
AR=''
AUTOCONF='${SHELL} /home/alp/Desktop/Suyog/sff-2.0.1/config/missing autoconf'
AUTOHEADER='${SHELL} /home/alp/Desktop/Suyog/sff-2.0.1/config/missing autoheader'
AUTOMAKE='${SHELL} /home/alp/Desktop/Suyog/sff-2.0.1/config/missing automake-1.13'
AWK='mawk'
BOOST_CPPFLAGS=''
BOOST_LDFLAGS=''
BOOST_UNIT_TEST_FRAMEWORK_LIB=''
CC='c99'
CCDEPMODE=''
CFLAGS='-g'
CFLAGS_prof=''
CP=''
CPP=''
CPPFLAGS=''
CXX=''
CXXCPP=''
CXXDEPMODE=''
CXXFLAGS=''
CXXFLAGS_prof=''
CYGPATH_W='echo'
DEFS=''
DEPDIR=''
DLLTOOL=''
DOT=''
DOXYGEN=''
DSYMUTIL=''
DUMPBIN=''
ECHO_C=''
ECHO_N='-n'
ECHO_T=''
EGREP=''
EXEEXT=''
FALSE=''
FGREP=''
GREP=''
GZIP=''
HAVE_CXX11=''
HAVE_DOT=''
HAVE_DOXYGEN_FALSE=''
HAVE_DOXYGEN_TRUE=''
INSTALL_DATA='${INSTALL} -m 644'
INSTALL_PROGRAM='${INSTALL}'
INSTALL_SCRIPT='${INSTALL}'
INSTALL_STRIP_PROGRAM='$(install_sh) -c -s'
LD=''
LDFLAGS=''
LDFLAGS_prof=''
LEX=''
LEXLIB=''
LEX_OUTPUT_ROOT=''
LIBOBJS=''
LIBS='-lposix'
LIBS_prof=''
LIBTOOL=''
LIPO=''
LN_S=''
LTLIBOBJS=''
LT_AGE='0'
LT_CURRENT='0'
LT_RELEASE='2'
LT_REVISION='1'
MAKEINFO='${SHELL} /home/alp/Desktop/Suyog/sff-2.0.1/config/missing makeinfo'
MANIFEST_TOOL=''
MKDIR_P='/bin/mkdir -p'
MV=''
NM=''
NMEDIT=''
OBJDUMP=''
OBJEXT=''
OTOOL64=''
OTOOL=''
PACKAGE='sff'
PACKAGE_BUGREPORT='Antonio Carzaniga (firstname.lastname@usi.ch)'
PACKAGE_NAME='sff'
PACKAGE_STRING='sff 2.0.1'
PACKAGE_TARNAME='sff'
PACKAGE_URL=''
PACKAGE_VERSION='2.0.1'
PATH_SEPARATOR=':'
RANLIB=''
RM=''
SED=''
SET_MAKE=''
SH=''
SHELL='/bin/bash'
STRIP=''
TAR=''
TRUE=''
USE_BOOST_UNIT_TEST_FRAMEWORK_FALSE=''
USE_BOOST_UNIT_TEST_FRAMEWORK_TRUE=''
VERSION='2.0.1'
YACC=''
YFLAGS=''
ac_ct_AR=''
ac_ct_CC='c99'
ac_ct_CXX=''
ac_ct_DUMPBIN=''
am__EXEEXT_FALSE=''
am__EXEEXT_TRUE=''
am__fastdepCC_FALSE=''
am__fastdepCC_TRUE=''
am__fastdepCXX_FALSE=''
am__fastdepCXX_TRUE=''
am__include=''
am__isrc=''
am__leading_dot='.'
am__nodep=''
am__quote=''
am__tar='$${TAR-tar} chof - "$$tardir"'
am__untar='$${TAR-tar} xf -'
bindir='${exec_prefix}/bin'
build=''
build_alias=''
build_cpu=''
build_os=''
build_vendor=''
datadir='${datarootdir}'
datarootdir='${prefix}/share'
docdir='${datarootdir}/doc/${PACKAGE_TARNAME}'
dvidir='${docdir}'
exec_prefix='NONE'
host=''
host_alias=''
host_cpu=''
host_os=''
host_vendor=''
htmldir='${docdir}'
includedir='${prefix}/include'
infodir='${datarootdir}/info'
install_sh='${SHELL} /home/alp/Desktop/Suyog/sff-2.0.1/config/install-sh'
libdir='${exec_prefix}/lib'
libexecdir='${exec_prefix}/libexec'
localedir='${datarootdir}/locale'
localstatedir='${prefix}/var'
mandir='${datarootdir}/man'
mkdir_p='$(MKDIR_P)'
oldincludedir='/usr/include'
pdfdir='${docdir}'
prefix='NONE'
program_transform_name='s,x,x,'
psdir='${docdir}'
sbindir='${exec_prefix}/sbin'
sharedstatedir='${prefix}/com'
sysconfdir='${prefix}/etc'
target_alias=''

## ----------- ##
## confdefs.h. ##
## ----------- ##

/* confdefs.h */
#define PACKAGE_NAME "sff"
#define PACKAGE_TARNAME "sff"
#define PACKAGE_VERSION "2.0.1"
#define PACKAGE_STRING "sff 2.0.1"
#define PACKAGE_BUGREPORT "Antonio Carzaniga (firstname.lastname@usi.ch)"
#define PACKAGE_URL ""
#define PACKAGE "sff"
#define VERSION "2.0.1"
#define NDEBUG 1

configure: exit 77
